<?xml version="1.0" encoding="UTF-8"?>
<!-- Generated by org.testng.reporters.JUnitXMLReporter -->
<testsuite ignored="0" hostname="Anubhavs-MacBook-Air.local" failures="0" tests="3" name="Test" time="120.268" errors="0" timestamp="2024-01-13T19:52:48 IST">
  <testcase classname="TestFolders.IOSFlow" name="Test" time="3.851"/>
  <testcase classname="TestFolders.AndroidFlow" name="fillForm_ErrorValidation" time="9.966"/>
  <testcase classname="TestFolders.AndroidFlow" name="fillForm_PositiveFlow" time="55.861"/>
</testsuite> <!-- Test -->
