<?xml version="1.0" encoding="UTF-8"?>
<!-- Generated by org.testng.reporters.JUnitXMLReporter -->
<testsuite ignored="0" hostname="Anubhavs-MacBook-Air.local" failures="1" tests="4" name="Test" time="139.999" errors="0" timestamp="2024-01-15T12:33:25 IST">
  <testcase classname="TestFolders.IOSFlow" name="Test" time="3.188"/>
  <testcase classname="TestFolders.AndroidFlow" name="fillForm_ErrorValidation" time="10.422">
    <failure type="java.lang.AssertionError" message="expected:&amp;lt;Please enter your name&amp;gt; but was:&amp;lt;Pleasse enter your name&amp;gt;">
      <![CDATA[java.lang.AssertionError: expected:<Please enter your name> but was:<Pleasse enter your name>
at TestFolders.AndroidFlow.fillForm_ErrorValidation(AndroidFlow.java:32)
at java.base/java.util.ArrayList.forEach(ArrayList.java:1511)
... Removed 29 stack frames]]>
    </failure>
  </testcase> <!-- fillForm_ErrorValidation -->
  <testcase classname="TestFolders.AndroidFlow" name="fillForm_PositiveFlow" time="53.75"/>
  <testcase classname="TestFolders.AndroidFlow" name="fillForm_PositiveFlow" time="29.529"/>
</testsuite> <!-- Test -->
