<?xml version="1.0" encoding="UTF-8"?>
<!-- Generated by org.testng.reporters.JUnitXMLReporter -->
<testsuite ignored="0" hostname="Anubhavs-MacBook-Air.local" failures="0" tests="4" name="Test" time="143.042" errors="0" timestamp="2024-01-15T22:02:59 IST">
  <testcase classname="TestFolders.IOSFlow" name="Test" time="3.271"/>
  <testcase classname="TestFolders.AndroidFlow" name="fillForm_ErrorValidation" time="10.831"/>
  <testcase classname="TestFolders.AndroidFlow" name="fillForm_PositiveFlow" time="54.053"/>
  <testcase classname="TestFolders.AndroidFlow" name="fillForm_PositiveFlow" time="28.949"/>
</testsuite> <!-- Test -->
